CRITICAL - 2024-02-23 07:23:28 --> Error: Call to undefined method CodeIgniter\View\View::extent()
in APPPATH\Views\user\add.php on line 1.
 1 SYSTEMPATH\View\View.php(228): include()
 2 SYSTEMPATH\View\View.php(231): CodeIgniter\View\View->CodeIgniter\View\{closure}()
 3 SYSTEMPATH\Common.php(1178): CodeIgniter\View\View->render('user/add', [], true)
 4 APPPATH\Controllers\UserController.php(13): view('user/add')
 5 SYSTEMPATH\CodeIgniter.php(941): App\Controllers\UserController->addUser()
 6 SYSTEMPATH\CodeIgniter.php(502): CodeIgniter\CodeIgniter->runController(Object(App\Controllers\UserController))
 7 SYSTEMPATH\CodeIgniter.php(361): CodeIgniter\CodeIgniter->handleRequest(null, Object(Config\Cache), false)
 8 FCPATH\index.php(79): CodeIgniter\CodeIgniter->run()
 9 SYSTEMPATH\Commands\Server\rewrite.php(47): require_once('C:\\xampp\\htdocs\\Biclar_ci\\public\\index.php')
CRITICAL - 2024-02-23 07:25:09 --> Error: Call to undefined method CodeIgniter\View\View::extent()
in APPPATH\Views\user\add.php on line 1.
 1 SYSTEMPATH\View\View.php(228): include()
 2 SYSTEMPATH\View\View.php(231): CodeIgniter\View\View->CodeIgniter\View\{closure}()
 3 SYSTEMPATH\Common.php(1178): CodeIgniter\View\View->render('user/add', [], true)
 4 APPPATH\Controllers\UserController.php(13): view('user/add')
 5 SYSTEMPATH\CodeIgniter.php(941): App\Controllers\UserController->addUser()
 6 SYSTEMPATH\CodeIgniter.php(502): CodeIgniter\CodeIgniter->runController(Object(App\Controllers\UserController))
 7 SYSTEMPATH\CodeIgniter.php(361): CodeIgniter\CodeIgniter->handleRequest(null, Object(Config\Cache), false)
 8 FCPATH\index.php(79): CodeIgniter\CodeIgniter->run()
 9 SYSTEMPATH\Commands\Server\rewrite.php(47): require_once('C:\\xampp\\htdocs\\Biclar_ci\\public\\index.php')
